Started GET "/" for ::1 at 2019-10-15 14:36:07 -0700
  [1m[35m (3.7ms)[0m  [1m[34mSELECT "schema_migrations"."version" FROM "schema_migrations" ORDER BY "schema_migrations"."version" ASC[0m
Processing by Rails::WelcomeController#index as HTML
  Rendering /Users/flatironschool/.rvm/gems/ruby-2.6.1/gems/railties-6.0.0/lib/rails/templates/rails/welcome/index.html.erb
  Rendered /Users/flatironschool/.rvm/gems/ruby-2.6.1/gems/railties-6.0.0/lib/rails/templates/rails/welcome/index.html.erb (Duration: 16.5ms | Allocations: 481)
Completed 200 OK in 43ms (Views: 28.6ms | ActiveRecord: 0.0ms | Allocations: 2752)


Started GET "/stories" for ::1 at 2019-10-15 14:36:16 -0700
Processing by StoriesController#index as HTML
  [1m[36mStory Load (3.4ms)[0m  [1m[34mSELECT "stories".* FROM "stories"[0m
  ↳ app/controllers/stories_controller.rb:7:in `index'
[active_model_serializers]   [1m[36mSubmission Load (1.7ms)[0m  [1m[34mSELECT "submissions".* FROM "submissions" WHERE "submissions"."story_id" = $1[0m  [["story_id", "1"]]
[active_model_serializers]   ↳ app/serializers/story_serializer.rb:10:in `map'
[active_model_serializers]   [1m[36mUser Load (0.7ms)[0m  [1m[34mSELECT "users".* FROM "users" WHERE "users"."id" = $1 LIMIT $2[0m  [["id", 3], ["LIMIT", 1]]
[active_model_serializers]   ↳ app/serializers/story_serializer.rb:13:in `block in submissions'
[active_model_serializers]   [1m[36mUser Load (0.3ms)[0m  [1m[34mSELECT "users".* FROM "users" WHERE "users"."id" = $1 LIMIT $2[0m  [["id", 2], ["LIMIT", 1]]
[active_model_serializers]   ↳ app/serializers/story_serializer.rb:13:in `block in submissions'
[active_model_serializers]   [1m[36mUser Load (0.3ms)[0m  [1m[34mSELECT "users".* FROM "users" WHERE "users"."id" = $1 LIMIT $2[0m  [["id", 1], ["LIMIT", 1]]
[active_model_serializers]   ↳ app/serializers/story_serializer.rb:13:in `block in submissions'
[active_model_serializers]   [1m[36mSubmission Load (0.4ms)[0m  [1m[34mSELECT "submissions".* FROM "submissions" WHERE "submissions"."story_id" = $1[0m  [["story_id", "2"]]
[active_model_serializers]   ↳ app/serializers/story_serializer.rb:10:in `map'
[active_model_serializers]   [1m[36mUser Load (0.4ms)[0m  [1m[34mSELECT "users".* FROM "users" WHERE "users"."id" = $1 LIMIT $2[0m  [["id", 4], ["LIMIT", 1]]
[active_model_serializers]   ↳ app/serializers/story_serializer.rb:13:in `block in submissions'
[active_model_serializers]   [1m[36mUser Load (0.3ms)[0m  [1m[34mSELECT "users".* FROM "users" WHERE "users"."id" = $1 LIMIT $2[0m  [["id", 5], ["LIMIT", 1]]
[active_model_serializers]   ↳ app/serializers/story_serializer.rb:13:in `block in submissions'
[active_model_serializers]   [1m[36mCACHE User Load (0.0ms)[0m  [1m[34mSELECT "users".* FROM "users" WHERE "users"."id" = $1 LIMIT $2[0m  [["id", 1], ["LIMIT", 1]]
[active_model_serializers]   ↳ app/serializers/story_serializer.rb:13:in `block in submissions'
[active_model_serializers]   [1m[36mCACHE User Load (0.0ms)[0m  [1m[34mSELECT "users".* FROM "users" WHERE "users"."id" = $1 LIMIT $2[0m  [["id", 5], ["LIMIT", 1]]
[active_model_serializers]   ↳ app/serializers/story_serializer.rb:13:in `block in submissions'
[active_model_serializers]   [1m[36mCACHE User Load (0.0ms)[0m  [1m[34mSELECT "users".* FROM "users" WHERE "users"."id" = $1 LIMIT $2[0m  [["id", 5], ["LIMIT", 1]]
[active_model_serializers]   ↳ app/serializers/story_serializer.rb:13:in `block in submissions'
[active_model_serializers]   [1m[36mCACHE User Load (0.0ms)[0m  [1m[34mSELECT "users".* FROM "users" WHERE "users"."id" = $1 LIMIT $2[0m  [["id", 5], ["LIMIT", 1]]
[active_model_serializers]   ↳ app/serializers/story_serializer.rb:13:in `block in submissions'
[active_model_serializers]   [1m[36mCACHE User Load (0.0ms)[0m  [1m[34mSELECT "users".* FROM "users" WHERE "users"."id" = $1 LIMIT $2[0m  [["id", 5], ["LIMIT", 1]]
[active_model_serializers]   ↳ app/serializers/story_serializer.rb:13:in `block in submissions'
[active_model_serializers]   [1m[36mCACHE User Load (0.0ms)[0m  [1m[34mSELECT "users".* FROM "users" WHERE "users"."id" = $1 LIMIT $2[0m  [["id", 5], ["LIMIT", 1]]
[active_model_serializers]   ↳ app/serializers/story_serializer.rb:13:in `block in submissions'
[active_model_serializers]   [1m[36mCACHE User Load (0.0ms)[0m  [1m[34mSELECT "users".* FROM "users" WHERE "users"."id" = $1 LIMIT $2[0m  [["id", 5], ["LIMIT", 1]]
[active_model_serializers]   ↳ app/serializers/story_serializer.rb:13:in `block in submissions'
[active_model_serializers]   [1m[36mCACHE User Load (0.0ms)[0m  [1m[34mSELECT "users".* FROM "users" WHERE "users"."id" = $1 LIMIT $2[0m  [["id", 5], ["LIMIT", 1]]
[active_model_serializers]   ↳ app/serializers/story_serializer.rb:13:in `block in submissions'
[active_model_serializers]   [1m[36mCACHE User Load (0.0ms)[0m  [1m[34mSELECT "users".* FROM "users" WHERE "users"."id" = $1 LIMIT $2[0m  [["id", 5], ["LIMIT", 1]]
[active_model_serializers]   ↳ app/serializers/story_serializer.rb:13:in `block in submissions'
[active_model_serializers]   [1m[36mCACHE User Load (0.0ms)[0m  [1m[34mSELECT "users".* FROM "users" WHERE "users"."id" = $1 LIMIT $2[0m  [["id", 5], ["LIMIT", 1]]
[active_model_serializers]   ↳ app/serializers/story_serializer.rb:13:in `block in submissions'
[active_model_serializers]   [1m[36mCACHE User Load (0.0ms)[0m  [1m[34mSELECT "users".* FROM "users" WHERE "users"."id" = $1 LIMIT $2[0m  [["id", 1], ["LIMIT", 1]]
[active_model_serializers]   ↳ app/serializers/story_serializer.rb:13:in `block in submissions'
[active_model_serializers]   [1m[36mCACHE User Load (0.0ms)[0m  [1m[34mSELECT "users".* FROM "users" WHERE "users"."id" = $1 LIMIT $2[0m  [["id", 1], ["LIMIT", 1]]
[active_model_serializers]   ↳ app/serializers/story_serializer.rb:13:in `block in submissions'
[active_model_serializers]   [1m[36mCACHE User Load (0.0ms)[0m  [1m[34mSELECT "users".* FROM "users" WHERE "users"."id" = $1 LIMIT $2[0m  [["id", 1], ["LIMIT", 1]]
[active_model_serializers]   ↳ app/serializers/story_serializer.rb:13:in `block in submissions'
[active_model_serializers]   [1m[36mSubmission Load (0.4ms)[0m  [1m[34mSELECT "submissions".* FROM "submissions" WHERE "submissions"."story_id" = $1[0m  [["story_id", "3"]]
[active_model_serializers]   ↳ app/serializers/story_serializer.rb:10:in `map'
[active_model_serializers]   [1m[36mSubmission Load (0.4ms)[0m  [1m[34mSELECT "submissions".* FROM "submissions" WHERE "submissions"."story_id" = $1[0m  [["story_id", "4"]]
[active_model_serializers]   ↳ app/serializers/story_serializer.rb:10:in `map'
[active_model_serializers]   [1m[36mSubmission Load (0.4ms)[0m  [1m[34mSELECT "submissions".* FROM "submissions" WHERE "submissions"."story_id" = $1[0m  [["story_id", "5"]]
[active_model_serializers]   ↳ app/serializers/story_serializer.rb:10:in `map'
[active_model_serializers]   [1m[36mSubmission Load (0.4ms)[0m  [1m[34mSELECT "submissions".* FROM "submissions" WHERE "submissions"."story_id" = $1[0m  [["story_id", "6"]]
[active_model_serializers]   ↳ app/serializers/story_serializer.rb:10:in `map'
[active_model_serializers]   [1m[36mCACHE User Load (0.0ms)[0m  [1m[34mSELECT "users".* FROM "users" WHERE "users"."id" = $1 LIMIT $2[0m  [["id", 1], ["LIMIT", 1]]
[active_model_serializers]   ↳ app/serializers/story_serializer.rb:13:in `block in submissions'
[active_model_serializers]   [1m[36mSubmission Load (0.3ms)[0m  [1m[34mSELECT "submissions".* FROM "submissions" WHERE "submissions"."story_id" = $1[0m  [["story_id", "7"]]
[active_model_serializers]   ↳ app/serializers/story_serializer.rb:10:in `map'
[active_model_serializers]   [1m[36mCACHE User Load (0.0ms)[0m  [1m[34mSELECT "users".* FROM "users" WHERE "users"."id" = $1 LIMIT $2[0m  [["id", 1], ["LIMIT", 1]]
[active_model_serializers]   ↳ app/serializers/story_serializer.rb:13:in `block in submissions'
[active_model_serializers]   [1m[36mCACHE User Load (0.0ms)[0m  [1m[34mSELECT "users".* FROM "users" WHERE "users"."id" = $1 LIMIT $2[0m  [["id", 1], ["LIMIT", 1]]
[active_model_serializers]   ↳ app/serializers/story_serializer.rb:13:in `block in submissions'
[active_model_serializers]   [1m[36mCACHE User Load (0.0ms)[0m  [1m[34mSELECT "users".* FROM "users" WHERE "users"."id" = $1 LIMIT $2[0m  [["id", 1], ["LIMIT", 1]]
[active_model_serializers]   ↳ app/serializers/story_serializer.rb:13:in `block in submissions'
[active_model_serializers]   [1m[36mCACHE User Load (0.0ms)[0m  [1m[34mSELECT "users".* FROM "users" WHERE "users"."id" = $1 LIMIT $2[0m  [["id", 1], ["LIMIT", 1]]
[active_model_serializers]   ↳ app/serializers/story_serializer.rb:13:in `block in submissions'
[active_model_serializers]   [1m[36mSubmission Load (0.3ms)[0m  [1m[34mSELECT "submissions".* FROM "submissions" WHERE "submissions"."story_id" = $1[0m  [["story_id", "8"]]
[active_model_serializers]   ↳ app/serializers/story_serializer.rb:10:in `map'
[active_model_serializers]   [1m[36mCACHE User Load (0.0ms)[0m  [1m[34mSELECT "users".* FROM "users" WHERE "users"."id" = $1 LIMIT $2[0m  [["id", 1], ["LIMIT", 1]]
[active_model_serializers]   ↳ app/serializers/story_serializer.rb:13:in `block in submissions'
[active_model_serializers]   [1m[36mCACHE User Load (0.0ms)[0m  [1m[34mSELECT "users".* FROM "users" WHERE "users"."id" = $1 LIMIT $2[0m  [["id", 1], ["LIMIT", 1]]
[active_model_serializers]   ↳ app/serializers/story_serializer.rb:13:in `block in submissions'
[active_model_serializers] Rendered ActiveModel::Serializer::CollectionSerializer with ActiveModelSerializers::Adapter::Attributes (162.23ms)
Completed 200 OK in 257ms (Views: 203.4ms | ActiveRecord: 28.2ms | Allocations: 56759)


  [1m[36mSubmission Load (10.7ms)[0m  [1m[34mSELECT "submissions".* FROM "submissions" ORDER BY "submissions"."id" ASC LIMIT $1[0m  [["LIMIT", 1]]
  [1m[36mSubmission Load (0.4ms)[0m  [1m[34mSELECT "submissions".* FROM "submissions" ORDER BY "submissions"."id" ASC LIMIT $1[0m  [["LIMIT", 1]]
  [1m[36mVote Load (6.1ms)[0m  [1m[34mSELECT "votes".* FROM "votes" WHERE "votes"."submission_id" = $1[0m  [["submission_id", "1"]]
  [1m[36mSubmission Load (0.6ms)[0m  [1m[34mSELECT "submissions".* FROM "submissions" ORDER BY "submissions"."id" ASC LIMIT $1 OFFSET $2[0m  [["LIMIT", 1], ["OFFSET", 1]]
  [1m[36mVote Load (0.5ms)[0m  [1m[34mSELECT "votes".* FROM "votes" WHERE "votes"."submission_id" = $1[0m  [["submission_id", "2"]]
  [1m[36mSubmission Load (0.5ms)[0m  [1m[34mSELECT "submissions".* FROM "submissions" ORDER BY "submissions"."id" ASC LIMIT $1[0m  [["LIMIT", 1]]
  [1m[36mSubmission Load (2.9ms)[0m  [1m[34mSELECT "submissions".* FROM "submissions" ORDER BY "submissions"."id" ASC LIMIT $1[0m  [["LIMIT", 1]]
  [1m[35m (1.1ms)[0m  [1m[34mSELECT pg_try_advisory_lock(1141411603499226675)[0m
  [1m[35m (5.6ms)[0m  [1m[34mSELECT "schema_migrations"."version" FROM "schema_migrations" ORDER BY "schema_migrations"."version" ASC[0m
  [1m[36mActiveRecord::InternalMetadata Load (3.6ms)[0m  [1m[34mSELECT "ar_internal_metadata".* FROM "ar_internal_metadata" WHERE "ar_internal_metadata"."key" = $1 LIMIT $2[0m  [["key", "environment"], ["LIMIT", 1]]
  [1m[35m (0.3ms)[0m  [1m[34mSELECT pg_advisory_unlock(1141411603499226675)[0m
  [1m[35m (0.8ms)[0m  [1m[34mSELECT "schema_migrations"."version" FROM "schema_migrations" ORDER BY "schema_migrations"."version" ASC[0m
  [1m[35m (0.2ms)[0m  [1m[34mSELECT pg_try_advisory_lock(1141411603499226675)[0m
  [1m[35m (0.8ms)[0m  [1m[34mSELECT "schema_migrations"."version" FROM "schema_migrations" ORDER BY "schema_migrations"."version" ASC[0m
Migrating to UpdateUsers (20191021185157)
  [1m[35m (0.2ms)[0m  [1m[35mBEGIN[0m
  [1m[35m (17.0ms)[0m  [1m[35mALTER TABLE "users" ADD "admin" boolean DEFAULT FALSE[0m
  [1m[36mprimary::SchemaMigration Create (2.7ms)[0m  [1m[32mINSERT INTO "schema_migrations" ("version") VALUES ($1) RETURNING "version"[0m  [["version", "20191021185157"]]
  [1m[35m (1.4ms)[0m  [1m[35mCOMMIT[0m
  [1m[36mActiveRecord::InternalMetadata Load (0.5ms)[0m  [1m[34mSELECT "ar_internal_metadata".* FROM "ar_internal_metadata" WHERE "ar_internal_metadata"."key" = $1 LIMIT $2[0m  [["key", "environment"], ["LIMIT", 1]]
  [1m[35m (0.5ms)[0m  [1m[34mSELECT pg_advisory_unlock(1141411603499226675)[0m
  [1m[35m (1.3ms)[0m  [1m[34mSELECT "schema_migrations"."version" FROM "schema_migrations" ORDER BY "schema_migrations"."version" ASC[0m
  [1m[36mUser Load (2.9ms)[0m  [1m[34mSELECT "users".* FROM "users" ORDER BY "users"."id" ASC LIMIT $1[0m  [["LIMIT", 1]]
  [1m[35m (0.2ms)[0m  [1m[34mSELECT pg_try_advisory_lock(1141411603499226675)[0m
  [1m[35m (0.8ms)[0m  [1m[34mSELECT "schema_migrations"."version" FROM "schema_migrations" ORDER BY "schema_migrations"."version" ASC[0m
Migrating to CreateGenres (20191021200303)
  [1m[35m (0.2ms)[0m  [1m[35mBEGIN[0m
  [1m[35m (36.1ms)[0m  [1m[35mCREATE TABLE "genres" ("id" bigserial primary key, "name" character varying, "created_at" timestamp(6) NOT NULL, "updated_at" timestamp(6) NOT NULL)[0m
  [1m[36mprimary::SchemaMigration Create (0.4ms)[0m  [1m[32mINSERT INTO "schema_migrations" ("version") VALUES ($1) RETURNING "version"[0m  [["version", "20191021200303"]]
  [1m[35m (0.8ms)[0m  [1m[35mCOMMIT[0m
Migrating to CreateGenreTags (20191021200339)
  [1m[35m (0.3ms)[0m  [1m[35mBEGIN[0m
  [1m[35m (2.7ms)[0m  [1m[35mCREATE TABLE "genre_tags" ("id" bigserial primary key, "story_id" integer, "genre_id" integer, "created_at" timestamp(6) NOT NULL, "updated_at" timestamp(6) NOT NULL)[0m
  [1m[36mprimary::SchemaMigration Create (0.6ms)[0m  [1m[32mINSERT INTO "schema_migrations" ("version") VALUES ($1) RETURNING "version"[0m  [["version", "20191021200339"]]
  [1m[35m (0.6ms)[0m  [1m[35mCOMMIT[0m
  [1m[36mActiveRecord::InternalMetadata Load (0.4ms)[0m  [1m[34mSELECT "ar_internal_metadata".* FROM "ar_internal_metadata" WHERE "ar_internal_metadata"."key" = $1 LIMIT $2[0m  [["key", "environment"], ["LIMIT", 1]]
  [1m[35m (0.4ms)[0m  [1m[34mSELECT pg_advisory_unlock(1141411603499226675)[0m
  [1m[35m (0.7ms)[0m  [1m[34mSELECT "schema_migrations"."version" FROM "schema_migrations" ORDER BY "schema_migrations"."version" ASC[0m
  [1m[35m (0.6ms)[0m  [1m[34mSELECT "schema_migrations"."version" FROM "schema_migrations" ORDER BY "schema_migrations"."version" ASC[0m
  [1m[35m (0.2ms)[0m  [1m[35mBEGIN[0m
  [1m[36mGenre Create (2.5ms)[0m  [1m[32mINSERT INTO "genres" ("name", "created_at", "updated_at") VALUES ($1, $2, $3) RETURNING "id"[0m  [["name", "Fantasy"], ["created_at", "2019-10-21 20:11:57.971309"], ["updated_at", "2019-10-21 20:11:57.971309"]]
  [1m[35m (0.7ms)[0m  [1m[35mCOMMIT[0m
  [1m[35m (0.2ms)[0m  [1m[35mBEGIN[0m
  [1m[36mGenre Create (0.3ms)[0m  [1m[32mINSERT INTO "genres" ("name", "created_at", "updated_at") VALUES ($1, $2, $3) RETURNING "id"[0m  [["name", "Sci-Fi"], ["created_at", "2019-10-21 20:11:57.978407"], ["updated_at", "2019-10-21 20:11:57.978407"]]
  [1m[35m (0.5ms)[0m  [1m[35mCOMMIT[0m
  [1m[35m (0.2ms)[0m  [1m[35mBEGIN[0m
  [1m[36mGenre Create (0.3ms)[0m  [1m[32mINSERT INTO "genres" ("name", "created_at", "updated_at") VALUES ($1, $2, $3) RETURNING "id"[0m  [["name", "Comedy"], ["created_at", "2019-10-21 20:11:57.982277"], ["updated_at", "2019-10-21 20:11:57.982277"]]
  [1m[35m (0.4ms)[0m  [1m[35mCOMMIT[0m
  [1m[35m (0.2ms)[0m  [1m[35mBEGIN[0m
  [1m[36mGenre Create (0.3ms)[0m  [1m[32mINSERT INTO "genres" ("name", "created_at", "updated_at") VALUES ($1, $2, $3) RETURNING "id"[0m  [["name", "Horror"], ["created_at", "2019-10-21 20:11:57.986232"], ["updated_at", "2019-10-21 20:11:57.986232"]]
  [1m[35m (0.5ms)[0m  [1m[35mCOMMIT[0m
  [1m[35m (0.2ms)[0m  [1m[35mBEGIN[0m
  [1m[36mGenre Create (0.3ms)[0m  [1m[32mINSERT INTO "genres" ("name", "created_at", "updated_at") VALUES ($1, $2, $3) RETURNING "id"[0m  [["name", "Drama"], ["created_at", "2019-10-21 20:11:57.990240"], ["updated_at", "2019-10-21 20:11:57.990240"]]
  [1m[35m (0.4ms)[0m  [1m[35mCOMMIT[0m
  [1m[36mGenre Load (0.4ms)[0m  [1m[34mSELECT "genres".* FROM "genres" LIMIT $1[0m  [["LIMIT", 11]]
  [1m[36mVote Load (7.7ms)[0m  [1m[34mSELECT "votes".* FROM "votes" WHERE (positive = true) LIMIT $1[0m  [["LIMIT", 11]]
  [1m[36mVote Load (0.7ms)[0m  [1m[34mSELECT "votes".* FROM "votes" WHERE (positive = true or positive = false) LIMIT $1[0m  [["LIMIT", 11]]
  [1m[36mVote Load (0.8ms)[0m  [1m[34mSELECT "votes".* FROM "votes" WHERE (positive = TRUE or positive = TRUE) LIMIT $1[0m  [["LIMIT", 11]]
  [1m[36mVote Load (0.9ms)[0m  [1m[34mSELECT "votes".* FROM "votes" WHERE (positive = TRUE or positive = TRUE) LIMIT $1[0m  [["LIMIT", 11]]
  [1m[36mVote Load (0.8ms)[0m  [1m[34mSELECT "votes".* FROM "votes" WHERE (positive = TRUE or positive = FALSE) LIMIT $1[0m  [["LIMIT", 11]]
  [1m[35m (0.5ms)[0m  [1m[34mSELECT pg_try_advisory_lock(1141411603499226675)[0m
  [1m[35m (3.4ms)[0m  [1m[34mSELECT "schema_migrations"."version" FROM "schema_migrations" ORDER BY "schema_migrations"."version" ASC[0m
Migrating to CreateFriendships (20191022164452)
  [1m[35m (0.2ms)[0m  [1m[35mBEGIN[0m
  [1m[35m (27.1ms)[0m  [1m[35mCREATE TABLE "friendships" ("id" bigserial primary key, "user1" integer, "user2" integer, "created_at" timestamp(6) NOT NULL, "updated_at" timestamp(6) NOT NULL)[0m
  [1m[36mprimary::SchemaMigration Create (3.1ms)[0m  [1m[32mINSERT INTO "schema_migrations" ("version") VALUES ($1) RETURNING "version"[0m  [["version", "20191022164452"]]
  [1m[35m (2.4ms)[0m  [1m[35mCOMMIT[0m
  [1m[36mActiveRecord::InternalMetadata Load (1.2ms)[0m  [1m[34mSELECT "ar_internal_metadata".* FROM "ar_internal_metadata" WHERE "ar_internal_metadata"."key" = $1 LIMIT $2[0m  [["key", "environment"], ["LIMIT", 1]]
  [1m[35m (0.3ms)[0m  [1m[34mSELECT pg_advisory_unlock(1141411603499226675)[0m
  [1m[35m (0.7ms)[0m  [1m[34mSELECT "schema_migrations"."version" FROM "schema_migrations" ORDER BY "schema_migrations"."version" ASC[0m
  [1m[36mUser Load (0.6ms)[0m  [1m[34mSELECT "users".* FROM "users" WHERE "users"."id" = $1 LIMIT $2[0m  [["id", 4], ["LIMIT", 1]]
  [1m[35m (0.3ms)[0m  [1m[35mBEGIN[0m
  [1m[36mFriendship Create (4.5ms)[0m  [1m[32mINSERT INTO "friendships" ("user1", "user2", "created_at", "updated_at") VALUES ($1, $2, $3, $4) RETURNING "id"[0m  [["user1", 4], ["user2", 5], ["created_at", "2019-10-22 20:48:31.458164"], ["updated_at", "2019-10-22 20:48:31.458164"]]
  [1m[35m (0.5ms)[0m  [1m[35mCOMMIT[0m
  [1m[36mFriendship Load (1.8ms)[0m  [1m[34mSELECT "friendships".* FROM "friendships" WHERE (USER1 = 4 or USER2 = 4)[0m
  [1m[36mFriendship Load (0.8ms)[0m  [1m[34mSELECT "friendships".* FROM "friendships" WHERE (USER1 = 4 or USER2 = 4)[0m
  [1m[36mFriendship Load (0.7ms)[0m  [1m[34mSELECT "friendships".* FROM "friendships" WHERE (USER1 = 4 or USER2 = 4)[0m
  [1m[35m (0.5ms)[0m  [1m[34mSELECT pg_try_advisory_lock(1141411603499226675)[0m
  [1m[35m (2.9ms)[0m  [1m[34mSELECT "schema_migrations"."version" FROM "schema_migrations" ORDER BY "schema_migrations"."version" ASC[0m
Migrating to Invitation (20191023162551)
  [1m[35m (0.4ms)[0m  [1m[34mSELECT pg_advisory_unlock(1141411603499226675)[0m
  [1m[35m (0.2ms)[0m  [1m[34mSELECT pg_try_advisory_lock(1141411603499226675)[0m
  [1m[35m (0.7ms)[0m  [1m[34mSELECT "schema_migrations"."version" FROM "schema_migrations" ORDER BY "schema_migrations"."version" ASC[0m
Migrating to CreateInvitations (20191023162852)
  [1m[35m (0.3ms)[0m  [1m[35mBEGIN[0m
  [1m[35m (22.2ms)[0m  [1m[35mCREATE TABLE "invitations" ("id" bigserial primary key, "story_id" integer, "user_id" integer, "created_at" timestamp(6) NOT NULL, "updated_at" timestamp(6) NOT NULL)[0m
  [1m[36mprimary::SchemaMigration Create (1.6ms)[0m  [1m[32mINSERT INTO "schema_migrations" ("version") VALUES ($1) RETURNING "version"[0m  [["version", "20191023162852"]]
  [1m[35m (1.0ms)[0m  [1m[35mCOMMIT[0m
  [1m[36mActiveRecord::InternalMetadata Load (0.4ms)[0m  [1m[34mSELECT "ar_internal_metadata".* FROM "ar_internal_metadata" WHERE "ar_internal_metadata"."key" = $1 LIMIT $2[0m  [["key", "environment"], ["LIMIT", 1]]
  [1m[35m (0.3ms)[0m  [1m[34mSELECT pg_advisory_unlock(1141411603499226675)[0m
  [1m[35m (0.8ms)[0m  [1m[34mSELECT "schema_migrations"."version" FROM "schema_migrations" ORDER BY "schema_migrations"."version" ASC[0m
  [1m[36mStory Load (3.0ms)[0m  [1m[34mSELECT "stories".* FROM "stories" ORDER BY "stories"."id" ASC LIMIT $1[0m  [["LIMIT", 1]]
  [1m[36mInvitation Load (0.4ms)[0m  [1m[34mSELECT "invitations".* FROM "invitations" WHERE "invitations"."story_id" = $1 LIMIT $2[0m  [["story_id", 1], ["LIMIT", 11]]
  [1m[36mStory Load (2.6ms)[0m  [1m[34mSELECT "stories".* FROM "stories" WHERE (ID < 3) LIMIT $1[0m  [["LIMIT", 11]]
  [1m[36mStory Load (0.4ms)[0m  [1m[34mSELECT "stories".* FROM "stories" WHERE "stories"."id" = $1 LIMIT $2[0m  [["id", 12], ["LIMIT", 1]]
  [1m[36mStory Load (0.6ms)[0m  [1m[34mSELECT "stories".* FROM "stories" WHERE "stories"."id" = $1 LIMIT $2[0m  [["id", 11], ["LIMIT", 1]]
  [1m[36mStory Load (0.5ms)[0m  [1m[34mSELECT "stories".* FROM "stories" ORDER BY "stories"."id" DESC LIMIT $1[0m  [["LIMIT", 1]]
  [1m[36mStory Load (0.7ms)[0m  [1m[34mSELECT "stories".* FROM "stories" WHERE "stories"."id" = $1 LIMIT $2[0m  [["id", 8], ["LIMIT", 1]]
  [1m[36mStory Load (0.5ms)[0m  [1m[34mSELECT "stories".* FROM "stories" WHERE (ID < 3) LIMIT $1[0m  [["LIMIT", 11]]
  [1m[36mStory Load (0.6ms)[0m  [1m[34mSELECT "stories".* FROM "stories" ORDER BY "stories"."id" ASC LIMIT $1[0m  [["LIMIT", 1]]
  [1m[36mInvitation Load (0.5ms)[0m  [1m[34mSELECT "invitations".* FROM "invitations" WHERE "invitations"."story_id" = $1 LIMIT $2[0m  [["story_id", 1], ["LIMIT", 11]]
  [1m[36mStory Load (0.7ms)[0m  [1m[34mSELECT "stories".* FROM "stories" ORDER BY "stories"."id" DESC LIMIT $1[0m  [["LIMIT", 1]]
  [1m[36mInvitation Load (0.5ms)[0m  [1m[34mSELECT "invitations".* FROM "invitations" WHERE "invitations"."story_id" = $1 LIMIT $2[0m  [["story_id", 8], ["LIMIT", 11]]
  [1m[36mStory Load (0.6ms)[0m  [1m[34mSELECT "stories".* FROM "stories" ORDER BY "stories"."id" DESC LIMIT $1[0m  [["LIMIT", 1]]
  [1m[36mSubmission Load (5.2ms)[0m  [1m[34mSELECT "submissions".* FROM "submissions" ORDER BY "submissions"."id" DESC LIMIT $1[0m  [["LIMIT", 1]]
  [1m[36mSubmission Load (0.7ms)[0m  [1m[34mSELECT "submissions".* FROM "submissions" ORDER BY "submissions"."id" DESC LIMIT $1[0m  [["LIMIT", 1]]
  [1m[36mSubmission Destroy (7.4ms)[0m  [1m[31mDELETE FROM "submissions" WHERE "submissions"."id" = $1[0m  [["id", 46]]
  [1m[36mSubmission Load (0.6ms)[0m  [1m[34mSELECT "submissions".* FROM "submissions" ORDER BY "submissions"."id" DESC LIMIT $1[0m  [["LIMIT", 1]]
  [1m[36mSubmission Load (0.6ms)[0m  [1m[34mSELECT "submissions".* FROM "submissions" ORDER BY "submissions"."id" DESC LIMIT $1[0m  [["LIMIT", 1]]
  [1m[36mSubmission Destroy (1.3ms)[0m  [1m[31mDELETE FROM "submissions" WHERE "submissions"."id" = $1[0m  [["id", 45]]
  [1m[36mSubmission Load (0.7ms)[0m  [1m[34mSELECT "submissions".* FROM "submissions" ORDER BY "submissions"."id" DESC LIMIT $1[0m  [["LIMIT", 1]]
  [1m[36mSubmission Load (0.7ms)[0m  [1m[34mSELECT "submissions".* FROM "submissions" ORDER BY "submissions"."id" DESC LIMIT $1[0m  [["LIMIT", 1]]
  [1m[36mSubmission Destroy (0.9ms)[0m  [1m[31mDELETE FROM "submissions" WHERE "submissions"."id" = $1[0m  [["id", 44]]
  [1m[36mSubmission Load (0.6ms)[0m  [1m[34mSELECT "submissions".* FROM "submissions" ORDER BY "submissions"."id" DESC LIMIT $1[0m  [["LIMIT", 1]]
  [1m[36mSubmission Load (1.1ms)[0m  [1m[34mSELECT "submissions".* FROM "submissions" ORDER BY "submissions"."id" DESC LIMIT $1[0m  [["LIMIT", 1]]
  [1m[36mSubmission Destroy (1.4ms)[0m  [1m[31mDELETE FROM "submissions" WHERE "submissions"."id" = $1[0m  [["id", 43]]
  [1m[36mSubmission Load (0.6ms)[0m  [1m[34mSELECT "submissions".* FROM "submissions" ORDER BY "submissions"."id" DESC LIMIT $1[0m  [["LIMIT", 1]]
  [1m[36mSubmission Load (0.5ms)[0m  [1m[34mSELECT "submissions".* FROM "submissions" ORDER BY "submissions"."id" DESC LIMIT $1[0m  [["LIMIT", 1]]
  [1m[36mSubmission Destroy (1.5ms)[0m  [1m[31mDELETE FROM "submissions" WHERE "submissions"."id" = $1[0m  [["id", 42]]
  [1m[36mSubmission Load (0.5ms)[0m  [1m[34mSELECT "submissions".* FROM "submissions" ORDER BY "submissions"."id" DESC LIMIT $1[0m  [["LIMIT", 1]]
  [1m[36mSubmission Load (0.6ms)[0m  [1m[34mSELECT "submissions".* FROM "submissions" ORDER BY "submissions"."id" DESC LIMIT $1[0m  [["LIMIT", 1]]
  [1m[36mSubmission Destroy (1.3ms)[0m  [1m[31mDELETE FROM "submissions" WHERE "submissions"."id" = $1[0m  [["id", 41]]
  [1m[36mSubmission Load (0.6ms)[0m  [1m[34mSELECT "submissions".* FROM "submissions" ORDER BY "submissions"."id" DESC LIMIT $1[0m  [["LIMIT", 1]]
  [1m[36mSubmission Load (0.6ms)[0m  [1m[34mSELECT "submissions".* FROM "submissions" ORDER BY "submissions"."id" DESC LIMIT $1[0m  [["LIMIT", 1]]
  [1m[36mSubmission Destroy (1.3ms)[0m  [1m[31mDELETE FROM "submissions" WHERE "submissions"."id" = $1[0m  [["id", 40]]
  [1m[36mSubmission Load (0.5ms)[0m  [1m[34mSELECT "submissions".* FROM "submissions" ORDER BY "submissions"."id" DESC LIMIT $1[0m  [["LIMIT", 1]]
  [1m[36mSubmission Load (0.5ms)[0m  [1m[34mSELECT "submissions".* FROM "submissions" ORDER BY "submissions"."id" DESC LIMIT $1[0m  [["LIMIT", 1]]
  [1m[36mSubmission Destroy (1.3ms)[0m  [1m[31mDELETE FROM "submissions" WHERE "submissions"."id" = $1[0m  [["id", 39]]
  [1m[36mSubmission Load (0.5ms)[0m  [1m[34mSELECT "submissions".* FROM "submissions" ORDER BY "submissions"."id" DESC LIMIT $1[0m  [["LIMIT", 1]]
  [1m[36mSubmission Load (0.6ms)[0m  [1m[34mSELECT "submissions".* FROM "submissions" ORDER BY "submissions"."id" DESC LIMIT $1[0m  [["LIMIT", 1]]
  [1m[36mSubmission Destroy (0.9ms)[0m  [1m[31mDELETE FROM "submissions" WHERE "submissions"."id" = $1[0m  [["id", 38]]
  [1m[36mSubmission Load (0.5ms)[0m  [1m[34mSELECT "submissions".* FROM "submissions" ORDER BY "submissions"."id" DESC LIMIT $1[0m  [["LIMIT", 1]]
  [1m[36mSubmission Load (0.5ms)[0m  [1m[34mSELECT "submissions".* FROM "submissions" ORDER BY "submissions"."id" DESC LIMIT $1[0m  [["LIMIT", 1]]
  [1m[36mSubmission Destroy (1.3ms)[0m  [1m[31mDELETE FROM "submissions" WHERE "submissions"."id" = $1[0m  [["id", 37]]
  [1m[36mSubmission Load (0.5ms)[0m  [1m[34mSELECT "submissions".* FROM "submissions" ORDER BY "submissions"."id" DESC LIMIT $1[0m  [["LIMIT", 1]]
  [1m[36mInvitation Load (0.4ms)[0m  [1m[34mSELECT "invitations".* FROM "invitations" ORDER BY "invitations"."id" ASC LIMIT $1[0m  [["LIMIT", 1]]
  [1m[35m (0.2ms)[0m  [1m[35mBEGIN[0m
  [1m[36mStory Load (0.3ms)[0m  [1m[34mSELECT "stories".* FROM "stories" WHERE "stories"."id" = $1 LIMIT $2[0m  [["id", 1], ["LIMIT", 1]]
  [1m[36mUser Load (2.7ms)[0m  [1m[34mSELECT "users".* FROM "users" WHERE "users"."id" = $1 LIMIT $2[0m  [["id", 3], ["LIMIT", 1]]
  [1m[36mInvitation Create (3.3ms)[0m  [1m[32mINSERT INTO "invitations" ("story_id", "user_id", "created_at", "updated_at") VALUES ($1, $2, $3, $4) RETURNING "id"[0m  [["story_id", 1], ["user_id", 3], ["created_at", "2019-10-24 17:24:40.980720"], ["updated_at", "2019-10-24 17:24:40.980720"]]
  [1m[35m (1.0ms)[0m  [1m[35mCOMMIT[0m
  [1m[36mInvitation Load (0.6ms)[0m  [1m[34mSELECT "invitations".* FROM "invitations" ORDER BY "invitations"."id" ASC LIMIT $1[0m  [["LIMIT", 1]]
  [1m[36mInvitation Load (0.7ms)[0m  [1m[34mSELECT "invitations".* FROM "invitations" ORDER BY "invitations"."id" ASC LIMIT $1[0m  [["LIMIT", 1]]
  [1m[36mUser Load (0.6ms)[0m  [1m[34mSELECT "users".* FROM "users" WHERE "users"."id" = $1 LIMIT $2[0m  [["id", 3], ["LIMIT", 1]]
Started GET "/418ea1a6d156b5acc373.hot-update.json" for ::1 at 2019-10-24 12:44:38 -0700
  [1m[35m (2.8ms)[0m  [1m[34mSELECT "schema_migrations"."version" FROM "schema_migrations" ORDER BY "schema_migrations"."version" ASC[0m
  
ActionController::RoutingError (No route matches [GET] "/418ea1a6d156b5acc373.hot-update.json"):
  
actionpack (6.0.0) lib/action_dispatch/middleware/debug_exceptions.rb:36:in `call'
actionpack (6.0.0) lib/action_dispatch/middleware/show_exceptions.rb:33:in `call'
railties (6.0.0) lib/rails/rack/logger.rb:38:in `call_app'
railties (6.0.0) lib/rails/rack/logger.rb:26:in `block in call'
activesupport (6.0.0) lib/active_support/tagged_logging.rb:80:in `block in tagged'
activesupport (6.0.0) lib/active_support/tagged_logging.rb:28:in `tagged'
activesupport (6.0.0) lib/active_support/tagged_logging.rb:80:in `tagged'
railties (6.0.0) lib/rails/rack/logger.rb:26:in `call'
sprockets-rails (3.2.1) lib/sprockets/rails/quiet_assets.rb:13:in `call'
actionpack (6.0.0) lib/action_dispatch/middleware/remote_ip.rb:81:in `call'
actionpack (6.0.0) lib/action_dispatch/middleware/request_id.rb:27:in `call'
rack (2.0.7) lib/rack/method_override.rb:22:in `call'
rack (2.0.7) lib/rack/runtime.rb:22:in `call'
activesupport (6.0.0) lib/active_support/cache/strategy/local_cache_middleware.rb:29:in `call'
actionpack (6.0.0) lib/action_dispatch/middleware/executor.rb:14:in `call'
actionpack (6.0.0) lib/action_dispatch/middleware/static.rb:126:in `call'
rack (2.0.7) lib/rack/sendfile.rb:111:in `call'
actionpack (6.0.0) lib/action_dispatch/middleware/host_authorization.rb:83:in `call'
rack-cors (0.4.1) lib/rack/cors.rb:81:in `call'
webpacker (4.0.7) lib/webpacker/dev_server_proxy.rb:29:in `perform_request'
rack-proxy (0.6.5) lib/rack/proxy.rb:57:in `call'
railties (6.0.0) lib/rails/engine.rb:526:in `call'
puma (3.12.1) lib/puma/configuration.rb:227:in `call'
puma (3.12.1) lib/puma/server.rb:660:in `handle_request'
puma (3.12.1) lib/puma/server.rb:474:in `process_client'
puma (3.12.1) lib/puma/server.rb:334:in `block in run'
puma (3.12.1) lib/puma/thread_pool.rb:135:in `block in spawn_thread'
Started GET "/stories/12" for ::1 at 2019-10-24 12:44:38 -0700
  
AbstractController::ActionNotFound (The action 'show' could not be found for StoriesController):
  
actionpack (6.0.0) lib/abstract_controller/base.rb:131:in `process'
actionview (6.0.0) lib/action_view/rendering.rb:39:in `process'
actionpack (6.0.0) lib/action_controller/metal.rb:191:in `dispatch'
actionpack (6.0.0) lib/action_controller/metal.rb:252:in `dispatch'
actionpack (6.0.0) lib/action_dispatch/routing/route_set.rb:51:in `dispatch'
actionpack (6.0.0) lib/action_dispatch/routing/route_set.rb:33:in `serve'
actionpack (6.0.0) lib/action_dispatch/journey/router.rb:49:in `block in serve'
actionpack (6.0.0) lib/action_dispatch/journey/router.rb:32:in `each'
actionpack (6.0.0) lib/action_dispatch/journey/router.rb:32:in `serve'
actionpack (6.0.0) lib/action_dispatch/routing/route_set.rb:837:in `call'
rack (2.0.7) lib/rack/tempfile_reaper.rb:15:in `call'
rack (2.0.7) lib/rack/etag.rb:25:in `call'
rack (2.0.7) lib/rack/conditional_get.rb:25:in `call'
rack (2.0.7) lib/rack/head.rb:12:in `call'
actionpack (6.0.0) lib/action_dispatch/http/content_security_policy.rb:18:in `call'
rack (2.0.7) lib/rack/session/abstract/id.rb:232:in `context'
rack (2.0.7) lib/rack/session/abstract/id.rb:226:in `call'
actionpack (6.0.0) lib/action_dispatch/middleware/cookies.rb:648:in `call'
activerecord (6.0.0) lib/active_record/migration.rb:567:in `call'
actionpack (6.0.0) lib/action_dispatch/middleware/callbacks.rb:27:in `block in call'
activesupport (6.0.0) lib/active_support/callbacks.rb:101:in `run_callbacks'
actionpack (6.0.0) lib/action_dispatch/middleware/callbacks.rb:26:in `call'
actionpack (6.0.0) lib/action_dispatch/middleware/executor.rb:14:in `call'
actionpack (6.0.0) lib/action_dispatch/middleware/actionable_exceptions.rb:17:in `call'
actionpack (6.0.0) lib/action_dispatch/middleware/debug_exceptions.rb:32:in `call'
actionpack (6.0.0) lib/action_dispatch/middleware/show_exceptions.rb:33:in `call'
railties (6.0.0) lib/rails/rack/logger.rb:38:in `call_app'
railties (6.0.0) lib/rails/rack/logger.rb:26:in `block in call'
activesupport (6.0.0) lib/active_support/tagged_logging.rb:80:in `block in tagged'
activesupport (6.0.0) lib/active_support/tagged_logging.rb:28:in `tagged'
activesupport (6.0.0) lib/active_support/tagged_logging.rb:80:in `tagged'
railties (6.0.0) lib/rails/rack/logger.rb:26:in `call'
sprockets-rails (3.2.1) lib/sprockets/rails/quiet_assets.rb:13:in `call'
actionpack (6.0.0) lib/action_dispatch/middleware/remote_ip.rb:81:in `call'
actionpack (6.0.0) lib/action_dispatch/middleware/request_id.rb:27:in `call'
rack (2.0.7) lib/rack/method_override.rb:22:in `call'
rack (2.0.7) lib/rack/runtime.rb:22:in `call'
activesupport (6.0.0) lib/active_support/cache/strategy/local_cache_middleware.rb:29:in `call'
actionpack (6.0.0) lib/action_dispatch/middleware/executor.rb:14:in `call'
actionpack (6.0.0) lib/action_dispatch/middleware/static.rb:126:in `call'
rack (2.0.7) lib/rack/sendfile.rb:111:in `call'
actionpack (6.0.0) lib/action_dispatch/middleware/host_authorization.rb:83:in `call'
rack-cors (0.4.1) lib/rack/cors.rb:81:in `call'
webpacker (4.0.7) lib/webpacker/dev_server_proxy.rb:29:in `perform_request'
rack-proxy (0.6.5) lib/rack/proxy.rb:57:in `call'
railties (6.0.0) lib/rails/engine.rb:526:in `call'
puma (3.12.1) lib/puma/configuration.rb:227:in `call'
puma (3.12.1) lib/puma/server.rb:660:in `handle_request'
puma (3.12.1) lib/puma/server.rb:474:in `process_client'
puma (3.12.1) lib/puma/server.rb:334:in `block in run'
puma (3.12.1) lib/puma/thread_pool.rb:135:in `block in spawn_thread'
